<?xml version="1.0" encoding="UTF-8"?>
<testng-results total="1" passed="1" failed="0" skipped="0">
  <reporter-output>
  </reporter-output>
  <suite started-at="2019-09-08T11:22:59Z" name="Surefire suite" finished-at="2019-09-08T11:23:34Z" duration-ms="34622">
    <groups>
      <group name="cucumber">
        <method signature="AbstractTestNGCucumberTests.feature(cucumber.api.testng.CucumberFeatureWrapper)[pri:0, instance:runner.TestRunner@4b53f538]" name="feature" class="cucumber.api.testng.AbstractTestNGCucumberTests"/>
      </group> <!-- cucumber -->
    </groups>
    <test started-at="2019-09-08T11:22:59Z" name="Surefire test" finished-at="2019-09-08T11:23:34Z" duration-ms="34622">
      <class name="runner.TestRunner">
        <test-method is-config="true" signature="setUpClass()[pri:0, instance:runner.TestRunner@4b53f538]" started-at="2019-09-08T21:22:59Z" name="setUpClass" finished-at="2019-09-08T21:22:59Z" duration-ms="402" status="PASS">
          <reporter-output>
          </reporter-output>
        </test-method> <!-- setUpClass -->
        <test-method signature="feature(cucumber.api.testng.CucumberFeatureWrapper)[pri:0, instance:runner.TestRunner@4b53f538]" started-at="2019-09-08T21:22:59Z" name="feature" description="Runs Cucumber Feature" data-provider="features" finished-at="2019-09-08T21:23:33Z" duration-ms="34089" status="PASS">
          <params>
            <param index="0">
              <value>
                <![CDATA[Ecommerce_PlaceOrder]]>
              </value>
            </param>
          </params>
          <reporter-output>
          </reporter-output>
        </test-method> <!-- feature -->
        <test-method is-config="true" signature="tearDownClass()[pri:0, instance:runner.TestRunner@4b53f538]" started-at="2019-09-08T21:23:33Z" name="tearDownClass" finished-at="2019-09-08T21:23:34Z" duration-ms="35" status="PASS">
          <reporter-output>
          </reporter-output>
        </test-method> <!-- tearDownClass -->
      </class> <!-- runner.TestRunner -->
    </test> <!-- Surefire test -->
  </suite> <!-- Surefire suite -->
</testng-results>
